<?xml version="1.0" encoding="UTF-8"?>
<!-- Generated by org.testng.reporters.JUnitReportReporter -->
<testsuite hostname="DESKTOP-SGPLFQ4" failures="0" tests="4" name="magentoWebsiteProjectTest.myTestCases" time="1.094" errors="0" timestamp="2024-08-14T00:01:10 EEST" skipped="3">
  <testcase classname="magentoWebsiteProjectTest.myTestCases" name="addMenItem" time="1.094"/>
  <system-out/>
  <testcase classname="magentoWebsiteProjectTest.myTestCases" name="logout">
    <skipped/>
  </testcase> <!-- logout -->
  <system-out/>
  <testcase classname="magentoWebsiteProjectTest.myTestCases" name="createAnAccount">
    <skipped/>
  </testcase> <!-- createAnAccount -->
  <system-out/>
  <testcase classname="magentoWebsiteProjectTest.myTestCases" name="signIn">
    <skipped/>
  </testcase> <!-- signIn -->
  <system-out/>
</testsuite> <!-- magentoWebsiteProjectTest.myTestCases -->
